24/05/31 22:20:06 132 [debug] : --------------------------------------------------
24/05/31 22:20:06 133 [debug] : |              Start Express Server              |
24/05/31 22:20:06 134 [debug] : --------------------------------------------------
24/05/31 22:20:06 134 [debug] : server address => http://192.168.1.192:3001
24/05/31 22:20:06 134 [debug] : -------------------------------------------------
24/05/31 22:20:11 855 [debug] : 클라이언트가 접속했습니다.
24/05/31 22:20:11 855 [debug] : [GET] http://localhost:3001/main.7b0d4a692a4f9bf1c3e8.hot-update.json
24/05/31 22:20:11 856 [debug] : [client] 127.0.0.1 / OS X / Safari (17.5) / Apple Mac
24/05/31 22:20:11 861 [error] : PageNotFoundException: 페이지를 찾을 수 없습니다.
    at /Users/junbeom/Desktop/공부/portfolio/web-unico/server/app.js:201:48
    at Layer.handle [as handle_request] (/Users/junbeom/Desktop/공부/portfolio/web-unico/node_modules/express/lib/router/layer.js:95:5)
    at trim_prefix (/Users/junbeom/Desktop/공부/portfolio/web-unico/node_modules/express/lib/router/index.js:328:13)
    at /Users/junbeom/Desktop/공부/portfolio/web-unico/node_modules/express/lib/router/index.js:286:9
    at param (/Users/junbeom/Desktop/공부/portfolio/web-unico/node_modules/express/lib/router/index.js:365:14)
    at param (/Users/junbeom/Desktop/공부/portfolio/web-unico/node_modules/express/lib/router/index.js:376:14)
    at Function.process_params (/Users/junbeom/Desktop/공부/portfolio/web-unico/node_modules/express/lib/router/index.js:421:3)
    at next (/Users/junbeom/Desktop/공부/portfolio/web-unico/node_modules/express/lib/router/index.js:280:10)
    at Layer.handle [as handle_request] (/Users/junbeom/Desktop/공부/portfolio/web-unico/node_modules/express/lib/router/layer.js:91:12)
    at trim_prefix (/Users/junbeom/Desktop/공부/portfolio/web-unico/node_modules/express/lib/router/index.js:328:13)
24/05/31 22:20:11 864 [debug] : 클라이언트의 접속이 종료되었습니다. ::: [runtime] 9ms
24/05/31 22:20:11 864 [debug] : --------------------------------------------------
24/05/31 22:20:12 247 [debug] : 클라이언트가 접속했습니다.
24/05/31 22:20:12 248 [debug] : [GET] http://localhost:3001/member/login
24/05/31 22:20:12 248 [debug] : [client] 127.0.0.1 / OS X / Safari (17.5) / Apple Mac
24/05/31 22:20:12 249 [debug] : 클라이언트의 접속이 종료되었습니다. ::: [runtime] 1ms
24/05/31 22:20:12 249 [debug] : --------------------------------------------------
24/05/31 22:20:12 258 [debug] : 클라이언트가 접속했습니다.
24/05/31 22:20:12 258 [debug] : [GET] http://localhost:3001/guest_cart
24/05/31 22:20:12 258 [debug] : [client] 127.0.0.1 / OS X / Safari (17.5) / Apple Mac
24/05/31 22:20:12 259 [debug] : 클라이언트의 접속이 종료되었습니다. ::: [runtime] 1ms
24/05/31 22:20:12 259 [debug] : --------------------------------------------------
24/05/31 22:20:25 972 [debug] : 백엔드가 종료되었습니다.
